# JRE version: OpenJDK Runtime Environment Temurin-17.0.10+7 (17.0.10+7) (build 17.0.10+7)
# Java VM: OpenJDK 64-Bit Server VM Temurin-17.0.10+7 (17.0.10+7, mixed mode, tiered, compressed oops, compressed class ptrs, parallel gc, windows-amd64)
GC Precious Log:
 CPUs: 20 total, 20 available
 Memory: 32541M
 Large Page Support: Disabled
 NUMA Support: Disabled
 Compressed Oops: Enabled (32-bit)
 Alignments: Space 512K, Generation 512K, Heap 2M
 Heap Min Capacity: 100M
 Heap Initial Capacity: 100M
 Heap Max Capacity: 1G
 Pre-touch: Disabled
 Parallel Workers: 15
Heap:
 PSYoungGen      total 3584K, used 480K [0x00000000eab00000, 0x00000000eaf80000, 0x0000000100000000)
  eden space 2560K, 0% used [0x00000000eab00000,0x00000000eab00000,0x00000000ead80000)
  from space 1024K, 46% used [0x00000000ead80000,0x00000000eadf8000,0x00000000eae80000)
  to   space 1024K, 0% used [0x00000000eae80000,0x00000000eae80000,0x00000000eaf80000)
 ParOldGen       total 314368K, used 313856K [0x00000000c0000000, 0x00000000d3300000, 0x00000000eab00000)
  object space 314368K, 99% used [0x00000000c0000000,0x00000000d3280090,0x00000000d3300000)
 Metaspace       used 76693K, committed 77888K, reserved 1179648K
  class space    used 7843K, committed 8384K, reserved 1048576K
GC Heap History (20 events):
Event: 80.460 GC heap after
{Heap after GC invocations=648 (full 13):
 PSYoungGen      total 3584K, used 544K [0x00000000eab00000, 0x00000000eaf80000, 0x0000000100000000)
  eden space 2560K, 0% used [0x00000000eab00000,0x00000000eab00000,0x00000000ead80000)
  from space 1024K, 53% used [0x00000000eae80000,0x00000000eaf08000,0x00000000eaf80000)
  to   space 1024K, 0% used [0x00000000ead80000,0x00000000ead80000,0x00000000eae80000)
 ParOldGen       total 313856K, used 312307K [0x00000000c0000000, 0x00000000d3280000, 0x00000000eab00000)
  object space 313856K, 99% used [0x00000000c0000000,0x00000000d30fcdc8,0x00000000d3280000)
 Metaspace       used 76644K, committed 77888K, reserved 1179648K
  class space    used 7841K, committed 8384K, reserved 1048576K
}
Event: 80.465 GC heap before
{Heap before GC invocations=649 (full 13):
 PSYoungGen      total 3584K, used 3104K [0x00000000eab00000, 0x00000000eaf80000, 0x0000000100000000)
  eden space 2560K, 100% used [0x00000000eab00000,0x00000000ead80000,0x00000000ead80000)
  from space 1024K, 53% used [0x00000000eae80000,0x00000000eaf08000,0x00000000eaf80000)
  to   space 1024K, 0% used [0x00000000ead80000,0x00000000ead80000,0x00000000eae80000)
 ParOldGen       total 313856K, used 312307K [0x00000000c0000000, 0x00000000d3280000, 0x00000000eab00000)
  object space 313856K, 99% used [0x00000000c0000000,0x00000000d30fcdc8,0x00000000d3280000)
 Metaspace       used 76658K, committed 77888K, reserved 1179648K
  class space    used 7841K, committed 8384K, reserved 1048576K
}
Event: 80.465 GC heap after
{Heap after GC invocations=649 (full 13):
 PSYoungGen      total 3584K, used 491K [0x00000000eab00000, 0x00000000eaf00000, 0x0000000100000000)
  eden space 2560K, 0% used [0x00000000eab00000,0x00000000eab00000,0x00000000ead80000)
  from space 1024K, 47% used [0x00000000ead80000,0x00000000eadfac78,0x00000000eae80000)
  to   space 512K, 0% used [0x00000000eae80000,0x00000000eae80000,0x00000000eaf00000)
 ParOldGen       total 313856K, used 312331K [0x00000000c0000000, 0x00000000d3280000, 0x00000000eab00000)
  object space 313856K, 99% used [0x00000000c0000000,0x00000000d3102dc8,0x00000000d3280000)
 Metaspace       used 76658K, committed 77888K, reserved 1179648K
  class space    used 7841K, committed 8384K, reserved 1048576K
}
Event: 80.468 GC heap before
{Heap before GC invocations=650 (full 13):
 PSYoungGen      total 3584K, used 3051K [0x00000000eab00000, 0x00000000eaf00000, 0x0000000100000000)
  eden space 2560K, 99% used [0x00000000eab00000,0x00000000ead7ffe0,0x00000000ead80000)
  from space 1024K, 47% used [0x00000000ead80000,0x00000000eadfac78,0x00000000eae80000)
  to   space 512K, 0% used [0x00000000eae80000,0x00000000eae80000,0x00000000eaf00000)
 ParOldGen       total 313856K, used 312331K [0x00000000c0000000, 0x00000000d3280000, 0x00000000eab00000)
  object space 313856K, 99% used [0x00000000c0000000,0x00000000d3102dc8,0x00000000d3280000)
 Metaspace       used 76658K, committed 77888K, reserved 1179648K
  class space    used 7841K, committed 8384K, reserved 1048576K
}
Event: 80.469 GC heap after
{Heap after GC invocations=650 (full 13):
 PSYoungGen      total 3072K, used 480K [0x00000000eab00000, 0x00000000eaf00000, 0x0000000100000000)
  eden space 2560K, 0% used [0x00000000eab00000,0x00000000eab00000,0x00000000ead80000)
  from space 512K, 93% used [0x00000000eae80000,0x00000000eaef8000,0x00000000eaf00000)
  to   space 512K, 0% used [0x00000000eae00000,0x00000000eae00000,0x00000000eae80000)
 ParOldGen       total 313856K, used 312584K [0x00000000c0000000, 0x00000000d3280000, 0x00000000eab00000)
  object space 313856K, 99% used [0x00000000c0000000,0x00000000d3142340,0x00000000d3280000)
 Metaspace       used 76658K, committed 77888K, reserved 1179648K
  class space    used 7841K, committed 8384K, reserved 1048576K
}
Event: 80.472 GC heap before
{Heap before GC invocations=651 (full 13):
 PSYoungGen      total 3072K, used 2656K [0x00000000eab00000, 0x00000000eaf00000, 0x0000000100000000)
  eden space 2560K, 85% used [0x00000000eab00000,0x00000000ead201b0,0x00000000ead80000)
  from space 512K, 93% used [0x00000000eae80000,0x00000000eaef8000,0x00000000eaf00000)
  to   space 512K, 0% used [0x00000000eae00000,0x00000000eae00000,0x00000000eae80000)
 ParOldGen       total 313856K, used 312584K [0x00000000c0000000, 0x00000000d3280000, 0x00000000eab00000)
  object space 313856K, 99% used [0x00000000c0000000,0x00000000d3142340,0x00000000d3280000)
 Metaspace       used 76659K, committed 77888K, reserved 1179648K
  class space    used 7841K, committed 8384K, reserved 1048576K
}
Event: 80.473 GC heap after
{Heap after GC invocations=651 (full 13):
 PSYoungGen      total 3072K, used 288K [0x00000000eab00000, 0x00000000eaf00000, 0x0000000100000000)
  eden space 2560K, 0% used [0x00000000eab00000,0x00000000eab00000,0x00000000ead80000)
  from space 512K, 56% used [0x00000000eae00000,0x00000000eae48000,0x00000000eae80000)
  to   space 512K, 0% used [0x00000000eae80000,0x00000000eae80000,0x00000000eaf00000)
 ParOldGen       total 313856K, used 312656K [0x00000000c0000000, 0x00000000d3280000, 0x00000000eab00000)
  object space 313856K, 99% used [0x00000000c0000000,0x00000000d3154340,0x00000000d3280000)
 Metaspace       used 76659K, committed 77888K, reserved 1179648K
  class space    used 7841K, committed 8384K, reserved 1048576K
}
Event: 80.478 GC heap before
{Heap before GC invocations=652 (full 13):
 PSYoungGen      total 3072K, used 2835K [0x00000000eab00000, 0x00000000eaf00000, 0x0000000100000000)
  eden space 2560K, 99% used [0x00000000eab00000,0x00000000ead7ce98,0x00000000ead80000)
  from space 512K, 56% used [0x00000000eae00000,0x00000000eae48000,0x00000000eae80000)
  to   space 512K, 0% used [0x00000000eae80000,0x00000000eae80000,0x00000000eaf00000)
 ParOldGen       total 313856K, used 312656K [0x00000000c0000000, 0x00000000d3280000, 0x00000000eab00000)
  object space 313856K, 99% used [0x00000000c0000000,0x00000000d3154340,0x00000000d3280000)
 Metaspace       used 76659K, committed 77888K, reserved 1179648K
  class space    used 7841K, committed 8384K, reserved 1048576K
}
Event: 80.478 GC heap after
{Heap after GC invocations=652 (full 13):
 PSYoungGen      total 3072K, used 384K [0x00000000eab00000, 0x00000000eaf00000, 0x0000000100000000)
  eden space 2560K, 0% used [0x00000000eab00000,0x00000000eab00000,0x00000000ead80000)
  from space 512K, 75% used [0x00000000eae80000,0x00000000eaee0000,0x00000000eaf00000)
  to   space 512K, 0% used [0x00000000eae00000,0x00000000eae00000,0x00000000eae80000)
 ParOldGen       total 313856K, used 312797K [0x00000000c0000000, 0x00000000d3280000, 0x00000000eab00000)
  object space 313856K, 99% used [0x00000000c0000000,0x00000000d3177540,0x00000000d3280000)
 Metaspace       used 76659K, committed 77888K, reserved 1179648K
  class space    used 7841K, committed 8384K, reserved 1048576K
}
Event: 80.485 GC heap before
{Heap before GC invocations=653 (full 13):
 PSYoungGen      total 3072K, used 2885K [0x00000000eab00000, 0x00000000eaf00000, 0x0000000100000000)
  eden space 2560K, 97% used [0x00000000eab00000,0x00000000ead71690,0x00000000ead80000)
  from space 512K, 75% used [0x00000000eae80000,0x00000000eaee0000,0x00000000eaf00000)
  to   space 512K, 0% used [0x00000000eae00000,0x00000000eae00000,0x00000000eae80000)
 ParOldGen       total 313856K, used 312797K [0x00000000c0000000, 0x00000000d3280000, 0x00000000eab00000)
  object space 313856K, 99% used [0x00000000c0000000,0x00000000d3177540,0x00000000d3280000)
 Metaspace       used 76659K, committed 77888K, reserved 1179648K
  class space    used 7841K, committed 8384K, reserved 1048576K
}
Event: 80.485 GC heap after
{Heap after GC invocations=653 (full 13):
 PSYoungGen      total 3072K, used 480K [0x00000000eab00000, 0x00000000eaf00000, 0x0000000100000000)
  eden space 2560K, 0% used [0x00000000eab00000,0x00000000eab00000,0x00000000ead80000)
  from space 512K, 93% used [0x00000000eae00000,0x00000000eae78000,0x00000000eae80000)
  to   space 512K, 0% used [0x00000000eae80000,0x00000000eae80000,0x00000000eaf00000)
 ParOldGen       total 313856K, used 312877K [0x00000000c0000000, 0x00000000d3280000, 0x00000000eab00000)
  object space 313856K, 99% used [0x00000000c0000000,0x00000000d318b540,0x00000000d3280000)
 Metaspace       used 76659K, committed 77888K, reserved 1179648K
  class space    used 7841K, committed 8384K, reserved 1048576K
}
Event: 80.491 GC heap before
{Heap before GC invocations=654 (full 13):
 PSYoungGen      total 3072K, used 3040K [0x00000000eab00000, 0x00000000eaf00000, 0x0000000100000000)
  eden space 2560K, 100% used [0x00000000eab00000,0x00000000ead80000,0x00000000ead80000)
  from space 512K, 93% used [0x00000000eae00000,0x00000000eae78000,0x00000000eae80000)
  to   space 512K, 0% used [0x00000000eae80000,0x00000000eae80000,0x00000000eaf00000)
 ParOldGen       total 313856K, used 312877K [0x00000000c0000000, 0x00000000d3280000, 0x00000000eab00000)
  object space 313856K, 99% used [0x00000000c0000000,0x00000000d318b540,0x00000000d3280000)
 Metaspace       used 76659K, committed 77888K, reserved 1179648K
  class space    used 7841K, committed 8384K, reserved 1048576K
}
Event: 80.491 GC heap after
{Heap after GC invocations=654 (full 13):
 PSYoungGen      total 3072K, used 352K [0x00000000eab00000, 0x00000000eaf00000, 0x0000000100000000)
  eden space 2560K, 0% used [0x00000000eab00000,0x00000000eab00000,0x00000000ead80000)
  from space 512K, 68% used [0x00000000eae80000,0x00000000eaed8000,0x00000000eaf00000)
  to   space 512K, 0% used [0x00000000eae00000,0x00000000eae00000,0x00000000eae80000)
 ParOldGen       total 313856K, used 313017K [0x00000000c0000000, 0x00000000d3280000, 0x00000000eab00000)
  object space 313856K, 99% used [0x00000000c0000000,0x00000000d31ae740,0x00000000d3280000)
 Metaspace       used 76659K, committed 77888K, reserved 1179648K
  class space    used 7841K, committed 8384K, reserved 1048576K
}
Event: 80.503 GC heap before
{Heap before GC invocations=655 (full 13):
 PSYoungGen      total 3072K, used 2903K [0x00000000eab00000, 0x00000000eaf00000, 0x0000000100000000)
  eden space 2560K, 99% used [0x00000000eab00000,0x00000000ead7dd08,0x00000000ead80000)
  from space 512K, 68% used [0x00000000eae80000,0x00000000eaed8000,0x00000000eaf00000)
  to   space 512K, 0% used [0x00000000eae00000,0x00000000eae00000,0x00000000eae80000)
 ParOldGen       total 313856K, used 313017K [0x00000000c0000000, 0x00000000d3280000, 0x00000000eab00000)
  object space 313856K, 99% used [0x00000000c0000000,0x00000000d31ae740,0x00000000d3280000)
 Metaspace       used 76688K, committed 77888K, reserved 1179648K
  class space    used 7843K, committed 8384K, reserved 1048576K
}
Event: 80.503 GC heap after
{Heap after GC invocations=655 (full 13):
 PSYoungGen      total 3072K, used 480K [0x00000000eab00000, 0x00000000eaf00000, 0x0000000100000000)
  eden space 2560K, 0% used [0x00000000eab00000,0x00000000eab00000,0x00000000ead80000)
  from space 512K, 93% used [0x00000000eae00000,0x00000000eae78000,0x00000000eae80000)
  to   space 512K, 0% used [0x00000000eae80000,0x00000000eae80000,0x00000000eaf00000)
 ParOldGen       total 313856K, used 313089K [0x00000000c0000000, 0x00000000d3280000, 0x00000000eab00000)
  object space 313856K, 99% used [0x00000000c0000000,0x00000000d31c0740,0x00000000d3280000)
 Metaspace       used 76688K, committed 77888K, reserved 1179648K
  class space    used 7843K, committed 8384K, reserved 1048576K
}
Event: 80.507 GC heap before
{Heap before GC invocations=656 (full 13):
 PSYoungGen      total 3072K, used 3040K [0x00000000eab00000, 0x00000000eaf00000, 0x0000000100000000)
  eden space 2560K, 100% used [0x00000000eab00000,0x00000000ead80000,0x00000000ead80000)
  from space 512K, 93% used [0x00000000eae00000,0x00000000eae78000,0x00000000eae80000)
  to   space 512K, 0% used [0x00000000eae80000,0x00000000eae80000,0x00000000eaf00000)
 ParOldGen       total 313856K, used 313089K [0x00000000c0000000, 0x00000000d3280000, 0x00000000eab00000)
  object space 313856K, 99% used [0x00000000c0000000,0x00000000d31c0740,0x00000000d3280000)
 Metaspace       used 76693K, committed 77888K, reserved 1179648K
  class space    used 7843K, committed 8384K, reserved 1048576K
}
Event: 80.507 GC heap after
{Heap after GC invocations=656 (full 13):
 PSYoungGen      total 3072K, used 480K [0x00000000eab00000, 0x00000000eaf80000, 0x0000000100000000)
  eden space 2560K, 0% used [0x00000000eab00000,0x00000000eab00000,0x00000000ead80000)
  from space 512K, 93% used [0x00000000eae80000,0x00000000eaef8020,0x00000000eaf00000)
  to   space 1024K, 0% used [0x00000000ead80000,0x00000000ead80000,0x00000000eae80000)
 ParOldGen       total 313856K, used 313334K [0x00000000c0000000, 0x00000000d3280000, 0x00000000eab00000)
  object space 313856K, 99% used [0x00000000c0000000,0x00000000d31fd950,0x00000000d3280000)
 Metaspace       used 76693K, committed 77888K, reserved 1179648K
  class space    used 7843K, committed 8384K, reserved 1048576K
}
Event: 80.511 GC heap before
{Heap before GC invocations=657 (full 13):
 PSYoungGen      total 3072K, used 3040K [0x00000000eab00000, 0x00000000eaf80000, 0x0000000100000000)
  eden space 2560K, 100% used [0x00000000eab00000,0x00000000ead80000,0x00000000ead80000)
  from space 512K, 93% used [0x00000000eae80000,0x00000000eaef8020,0x00000000eaf00000)
  to   space 1024K, 0% used [0x00000000ead80000,0x00000000ead80000,0x00000000eae80000)
 ParOldGen       total 313856K, used 313334K [0x00000000c0000000, 0x00000000d3280000, 0x00000000eab00000)
  object space 313856K, 99% used [0x00000000c0000000,0x00000000d31fd950,0x00000000d3280000)
 Metaspace       used 76693K, committed 77888K, reserved 1179648K
  class space    used 7843K, committed 8384K, reserved 1048576K
}
Event: 80.511 GC heap after
{Heap after GC invocations=657 (full 13):
 PSYoungGen      total 3584K, used 480K [0x00000000eab00000, 0x00000000eaf80000, 0x0000000100000000)
  eden space 2560K, 0% used [0x00000000eab00000,0x00000000eab00000,0x00000000ead80000)
  from space 1024K, 46% used [0x00000000ead80000,0x00000000eadf8000,0x00000000eae80000)
  to   space 1024K, 0% used [0x00000000eae80000,0x00000000eae80000,0x00000000eaf80000)
 ParOldGen       total 314368K, used 313856K [0x00000000c0000000, 0x00000000d3300000, 0x00000000eab00000)
  object space 314368K, 99% used [0x00000000c0000000,0x00000000d3280090,0x00000000d3300000)
 Metaspace       used 76693K, committed 77888K, reserved 1179648K
  class space    used 7843K, committed 8384K, reserved 1048576K
}
Event: 80.512 GC heap before
{Heap before GC invocations=658 (full 14):
 PSYoungGen      total 3584K, used 480K [0x00000000eab00000, 0x00000000eaf80000, 0x0000000100000000)
  eden space 2560K, 0% used [0x00000000eab00000,0x00000000eab00000,0x00000000ead80000)
  from space 1024K, 46% used [0x00000000ead80000,0x00000000eadf8000,0x00000000eae80000)
  to   space 1024K, 0% used [0x00000000eae80000,0x00000000eae80000,0x00000000eaf80000)
 ParOldGen       total 314368K, used 313856K [0x00000000c0000000, 0x00000000d3300000, 0x00000000eab00000)
  object space 314368K, 99% used [0x00000000c0000000,0x00000000d3280090,0x00000000d3300000)
 Metaspace       used 76693K, committed 77888K, reserved 1179648K
  class space    used 7843K, committed 8384K, reserved 1048576K
}

